<?xml version="1.0" encoding="UTF-8"?>
<testsuite name="SolutionTest" tests="1" skipped="0" failures="0" errors="0" timestamp="2022-06-15T04:33:33" hostname="yuanyu-ubuntu" time="0.018">
  <properties/>
  <testcase name="maxAreaOfIslandExample1()" classname="SolutionTest" time="0.018"/>
  <system-out><![CDATA[]]></system-out>
  <system-err><![CDATA[]]></system-err>
</testsuite>
